<?xml version="1.0" encoding="UTF-8"?>
<!-- Generated by org.testng.reporters.JUnitXMLReporter -->
<testsuite ignored="0" hostname="DESKTOP-ANOMSMD" failures="0" tests="1" name="chrome" time="44.16" errors="0" timestamp="2026-01-23T16:40:51 IST">
  <testcase classname="MyCucumberProject.Qkart_Project.QkartProject" name="@BeforeClass setUp" time="-1.769166651129E9">
    <failure type="org.testng.TestNGException" message="
Can inject only one of &amp;lt;ITestContext, XmlTest&amp;gt; into a @BeforeClass annotated setUp.
For more information on native dependency injection please refer to https://testng.org/#_dependency_injection">
      <![CDATA[org.testng.TestNGException: 
Can inject only one of <ITestContext, XmlTest> into a @BeforeClass annotated setUp.
For more information on native dependency injection please refer to https://testng.org/#_dependency_injection
at java.base/java.util.ArrayList.forEach(ArrayList.java:1596)
... Removed 22 stack frames]]>
    </failure>
  </testcase> <!-- @BeforeClass setUp -->
  <testcase classname="base.BaseTest" name="@AfterClass closeWindow" time="0.0">
    <skipped/>
  </testcase> <!-- @AfterClass closeWindow -->
  <testcase classname="MyCucumberProject.Qkart_Project.QkartProject" name="testCase1" time="0.0">
    <skipped/>
  </testcase> <!-- testCase1 -->
</testsuite> <!-- chrome -->
