<?xml version="1.0" encoding="UTF-8"?>
<!-- Generated by org.testng.reporters.JUnitReportReporter -->
<testsuite hostname="DESKTOP-ANOMSMD" failures="0" tests="2" name="testcases.Class1_UIValidation" time="88.451" errors="0" timestamp="2026-02-03T13:04:53 IST" skipped="0">
  <testcase classname="testcases.Class1_UIValidation" name="verifyUIElements" time="28.731"/>
  <testcase classname="testcases.Class1_UIValidation" name="verifyUIElements" time="59.720"/>
</testsuite> <!-- testcases.Class1_UIValidation -->
