<?xml version="1.0" encoding="UTF-8"?>
<!-- Generated by org.testng.reporters.JUnitReportReporter -->
<testsuite hostname="DESKTOP-ANOMSMD" failures="0" tests="2" name="testcases.Class5_BugScenario" time="47.346" errors="0" timestamp="2026-02-03T13:04:53 IST" skipped="0">
  <testcase classname="testcases.Class5_BugScenario" name="VerifyNegativeNumberBug" time="24.709"/>
  <testcase classname="testcases.Class5_BugScenario" name="VerifyNegativeNumberBug" time="22.637"/>
</testsuite> <!-- testcases.Class5_BugScenario -->
