<?xml version="1.0" encoding="UTF-8"?>
<!-- Generated by org.testng.reporters.JUnitReportReporter -->
<testsuite hostname="DESKTOP-ANOMSMD" failures="0" tests="2" name="testcases.Class4_AboutLink" time="54.025" errors="0" timestamp="2026-02-03T13:04:53 IST" skipped="0">
  <testcase classname="testcases.Class4_AboutLink" name="checkAboutLinks" time="28.422"/>
  <testcase classname="testcases.Class4_AboutLink" name="checkAboutLinks" time="25.603"/>
</testsuite> <!-- testcases.Class4_AboutLink -->
