<?xml version="1.0" encoding="UTF-8"?>
<!-- Generated by org.testng.reporters.JUnitReportReporter -->
<testsuite hostname="DESKTOP-ANOMSMD" failures="0" tests="14" name="testcases.Class3_DataDrivenFactorial" time="397.333" errors="0" timestamp="2026-02-03T13:04:53 IST" skipped="0">
  <testcase classname="testcases.Class3_DataDrivenFactorial" name="varifyFactorial" time="31.738"/>
  <testcase classname="testcases.Class3_DataDrivenFactorial" name="varifyFactorial" time="24.067"/>
  <testcase classname="testcases.Class3_DataDrivenFactorial" name="varifyFactorial" time="26.881"/>
  <testcase classname="testcases.Class3_DataDrivenFactorial" name="varifyFactorial" time="33.282"/>
  <testcase classname="testcases.Class3_DataDrivenFactorial" name="varifyFactorial" time="24.085"/>
  <testcase classname="testcases.Class3_DataDrivenFactorial" name="varifyFactorial" time="18.804"/>
  <testcase classname="testcases.Class3_DataDrivenFactorial" name="varifyFactorial" time="42.684"/>
  <testcase classname="testcases.Class3_DataDrivenFactorial" name="varifyFactorial" time="28.040"/>
  <testcase classname="testcases.Class3_DataDrivenFactorial" name="varifyFactorial" time="29.169"/>
  <testcase classname="testcases.Class3_DataDrivenFactorial" name="varifyFactorial" time="26.629"/>
  <testcase classname="testcases.Class3_DataDrivenFactorial" name="varifyFactorial" time="25.714"/>
  <testcase classname="testcases.Class3_DataDrivenFactorial" name="varifyFactorial" time="29.021"/>
  <testcase classname="testcases.Class3_DataDrivenFactorial" name="varifyFactorial" time="25.847"/>
  <testcase classname="testcases.Class3_DataDrivenFactorial" name="varifyFactorial" time="31.372"/>
</testsuite> <!-- testcases.Class3_DataDrivenFactorial -->
