<?xml version="1.0" encoding="UTF-8"?>
<!-- Generated by org.testng.reporters.JUnitReportReporter -->
<testsuite hostname="DESKTOP-ANOMSMD" failures="0" tests="2" name="testcases.Class2_PlaceholderTitleURL" time="57.206" errors="0" timestamp="2026-02-03T13:04:53 IST" skipped="0">
  <testcase classname="testcases.Class2_PlaceholderTitleURL" name="verifyPlaceholderTitleURL" time="30.837"/>
  <testcase classname="testcases.Class2_PlaceholderTitleURL" name="verifyPlaceholderTitleURL" time="26.369"/>
</testsuite> <!-- testcases.Class2_PlaceholderTitleURL -->
