<?xml version="1.0" encoding="UTF-8"?>
<!-- Generated by org.testng.reporters.JUnitXMLReporter -->
<testsuite ignored="0" hostname="DESKTOP-ANOMSMD" failures="0" tests="3" name="Default test" time="22.74" errors="0" timestamp="2025-12-02T16:57:07 IST">
  <testcase classname="ra_program.AddAndUpdateTestNG" name="addPlace" time="15.66"/>
  <testcase classname="ra_program.AddAndUpdateTestNG" name="getPlace" time="3.116"/>
  <testcase classname="ra_program.AddAndUpdateTestNG" name="updatePlace" time="3.827"/>
</testsuite> <!-- Default test -->
