<?xml version="1.0" encoding="UTF-8"?>
<testng-results ignored="0" total="3" passed="3" failed="0" skipped="0">
  <reporter-output>
  </reporter-output>
  <suite started-at="2025-12-02T16:56:44 IST" name="Default suite" finished-at="2025-12-02T16:57:07 IST" duration-ms="22740">
    <groups>
    </groups>
    <test started-at="2025-12-02T16:56:44 IST" name="Default test" finished-at="2025-12-02T16:57:07 IST" duration-ms="22740">
      <class name="ra_program.AddAndUpdateTestNG">
        <test-method signature="addPlace()[pri:0, instance:ra_program.AddAndUpdateTestNG@7b98f307]" started-at="2025-12-02T16:56:44 IST" name="addPlace" finished-at="2025-12-02T16:57:00 IST" duration-ms="15660" status="PASS">
          <reporter-output>
          </reporter-output>
        </test-method> <!-- addPlace -->
        <test-method signature="getPlace()[pri:0, instance:ra_program.AddAndUpdateTestNG@7b98f307]" started-at="2025-12-02T16:57:00 IST" name="getPlace" finished-at="2025-12-02T16:57:03 IST" duration-ms="3116" status="PASS">
          <reporter-output>
          </reporter-output>
        </test-method> <!-- getPlace -->
        <test-method signature="updatePlace()[pri:0, instance:ra_program.AddAndUpdateTestNG@7b98f307]" started-at="2025-12-02T16:57:03 IST" name="updatePlace" finished-at="2025-12-02T16:57:07 IST" duration-ms="3827" status="PASS">
          <reporter-output>
          </reporter-output>
        </test-method> <!-- updatePlace -->
      </class> <!-- ra_program.AddAndUpdateTestNG -->
    </test> <!-- Default test -->
  </suite> <!-- Default suite -->
</testng-results>
