<?xml version="1.0" encoding="UTF-8"?>
<!-- Generated by org.testng.reporters.JUnitXMLReporter -->
<testsuite ignored="3" hostname="DESKTOP-ANOMSMD" failures="1" tests="2" name="edge(failed)" time="60.819" errors="0" timestamp="2026-02-04T11:35:26 IST">
  <testcase classname="MyCucumberProject.Qkart_Project.QkartProject" name="testCase4" time="12.558"/>
  <testcase classname="MyCucumberProject.Qkart_Project.QkartProject" name="testCaseBug" time="1.267">
    <failure type="org.openqa.selenium.ElementClickInterceptedException" message="element click intercepted: Element &amp;lt;button class=&amp;quot;MuiButton-root MuiButton-contained MuiButton-containedPrimary MuiButton-sizeMedium MuiButton-containedSizeMedium MuiButton-fullWidth MuiButtonBase-root card-button css-54wre3&amp;quot; tabindex=&amp;quot;0&amp;quot; type=&amp;quot;button&amp;quot;&amp;gt;...&amp;lt;/button&amp;gt; is not clickable at point (714, 684). Other element would receive the click: &amp;lt;div class=&amp;quot;MuiCollapse-wrapper MuiCollapse-vertical css-hboir5&amp;quot;&amp;gt;...&amp;lt;/div&amp;gt;
  (Session info: MicrosoftEdge=144.0.3719.92)
Build info: version: &amp;apos;4.38.0&amp;apos;, revision: &amp;apos;6b412e825c*&amp;apos;
System info: os.name: &amp;apos;Windows 10&amp;apos;, os.arch: &amp;apos;amd64&amp;apos;, os.version: &amp;apos;10.0&amp;apos;, java.version: &amp;apos;21.0.9&amp;apos;
Driver info: org.openqa.selenium.edge.EdgeDriver
Command: [f7862790e6008ab117241553f8e50ba9, clickElement {id=f.1452183D957B5B4EE575A1DE877CD6EB.d.97425E7F8F5C77DD1844DC97505B54A4.e.46}]
Capabilities {acceptInsecureCerts: false, browserName: MicrosoftEdge, browserVersion: 144.0.3719.92, fedcm:accounts: true, goog:processID: 5440, ms:edgeOptions: {debuggerAddress: localhost:51267}, msedge: {msedgedriverVersion: 144.0.3719.92 (8380d6794b22..., userDataDir: C:\Users\HP\AppData\Local\T...}, networkConnectionEnabled: false, pageLoadStrategy: normal, platformName: windows, proxy: Proxy(), se:cdp: ws://localhost:51267/devtoo..., se:cdpVersion: 144.0.3719.92, setWindowRect: true, strictFileInteractability: false, timeouts: {implicit: 0, pageLoad: 300000, script: 30000}, unhandledPromptBehavior: dismiss and notify, webauthn:extension:credBlob: true, webauthn:extension:largeBlob: true, webauthn:extension:minPinLength: true, webauthn:extension:prf: true, webauthn:virtualAuthenticators: true}
Element: [[EdgeDriver: MicrosoftEdge on windows (f7862790e6008ab117241553f8e50ba9)] -&amp;gt; xpath: (//button[contains(@class,&amp;apos;MuiButton-root&amp;apos;)])[4]]
Session ID: f7862790e6008ab117241553f8e50ba9">
      <![CDATA[org.openqa.selenium.ElementClickInterceptedException: element click intercepted: Element <button class="MuiButton-root MuiButton-contained MuiButton-containedPrimary MuiButton-sizeMedium MuiButton-containedSizeMedium MuiButton-fullWidth MuiButtonBase-root card-button css-54wre3" tabindex="0" type="button">...</button> is not clickable at point (714, 684). Other element would receive the click: <div class="MuiCollapse-wrapper MuiCollapse-vertical css-hboir5">...</div>
  (Session info: MicrosoftEdge=144.0.3719.92)
Build info: version: '4.38.0', revision: '6b412e825c*'
System info: os.name: 'Windows 10', os.arch: 'amd64', os.version: '10.0', java.version: '21.0.9'
Driver info: org.openqa.selenium.edge.EdgeDriver
Command: [f7862790e6008ab117241553f8e50ba9, clickElement {id=f.1452183D957B5B4EE575A1DE877CD6EB.d.97425E7F8F5C77DD1844DC97505B54A4.e.46}]
Capabilities {acceptInsecureCerts: false, browserName: MicrosoftEdge, browserVersion: 144.0.3719.92, fedcm:accounts: true, goog:processID: 5440, ms:edgeOptions: {debuggerAddress: localhost:51267}, msedge: {msedgedriverVersion: 144.0.3719.92 (8380d6794b22..., userDataDir: C:\Users\HP\AppData\Local\T...}, networkConnectionEnabled: false, pageLoadStrategy: normal, platformName: windows, proxy: Proxy(), se:cdp: ws://localhost:51267/devtoo..., se:cdpVersion: 144.0.3719.92, setWindowRect: true, strictFileInteractability: false, timeouts: {implicit: 0, pageLoad: 300000, script: 30000}, unhandledPromptBehavior: dismiss and notify, webauthn:extension:credBlob: true, webauthn:extension:largeBlob: true, webauthn:extension:minPinLength: true, webauthn:extension:prf: true, webauthn:virtualAuthenticators: true}
Element: [[EdgeDriver: MicrosoftEdge on windows (f7862790e6008ab117241553f8e50ba9)] -> xpath: (//button[contains(@class,'MuiButton-root')])[4]]
Session ID: f7862790e6008ab117241553f8e50ba9
at org.openqa.selenium.remote.ErrorCodec.decode(ErrorCodec.java:167)
at org.openqa.selenium.remote.codec.w3c.W3CHttpResponseCodec.decode(W3CHttpResponseCodec.java:138)
at org.openqa.selenium.remote.codec.w3c.W3CHttpResponseCodec.decode(W3CHttpResponseCodec.java:50)
at org.openqa.selenium.remote.HttpCommandExecutor.execute(HttpCommandExecutor.java:215)
at org.openqa.selenium.remote.service.DriverCommandExecutor.invokeExecute(DriverCommandExecutor.java:216)
at org.openqa.selenium.remote.service.DriverCommandExecutor.execute(DriverCommandExecutor.java:174)
at org.openqa.selenium.remote.RemoteWebDriver.execute(RemoteWebDriver.java:557)
at org.openqa.selenium.remote.RemoteWebElement.execute(RemoteWebElement.java:223)
at org.openqa.selenium.remote.RemoteWebElement.click(RemoteWebElement.java:76)
at MyCucumberProject.Qkart_Project.QkartPages.clickRacquet(QkartPages.java:109)
at MyCucumberProject.Qkart_Project.QkartProject.testCaseBug(QkartProject.java:114)
at java.base/java.util.ArrayList.forEach(ArrayList.java:1596)
at java.base/java.util.concurrent.FutureTask.run(FutureTask.java:317)
at java.base/java.util.concurrent.ThreadPoolExecutor.runWorker(ThreadPoolExecutor.java:1144)
at java.base/java.util.concurrent.ThreadPoolExecutor$Worker.run(ThreadPoolExecutor.java:642)
at java.base/java.lang.Thread.run(Thread.java:1583)
... Removed 18 stack frames]]>
    </failure>
  </testcase> <!-- testCaseBug -->
  <testcase classname="MyCucumberProject.Qkart_Project.QkartProject" name="testCase3" time="0.0">
    <ignored/>
  </testcase> <!-- testCase3 -->
  <testcase classname="MyCucumberProject.Qkart_Project.QkartProject" name="testCase2" time="0.0">
    <ignored/>
  </testcase> <!-- testCase2 -->
  <testcase classname="MyCucumberProject.Qkart_Project.QkartProject" name="testCase1" time="0.0">
    <ignored/>
  </testcase> <!-- testCase1 -->
</testsuite> <!-- edge(failed) -->
