<?xml version="1.0" encoding="UTF-8"?>
<!-- Generated by org.testng.reporters.JUnitReportReporter -->
<testsuite hostname="DESKTOP-ANOMSMD" failures="0" tests="3" name="ra_program.AddAndUpdateTestNG" time="22.603" errors="0" timestamp="2025-12-02T16:57:07 IST" skipped="0">
  <testcase classname="ra_program.AddAndUpdateTestNG" name="getPlace" time="3.116"/>
  <testcase classname="ra_program.AddAndUpdateTestNG" name="addPlace" time="15.660"/>
  <testcase classname="ra_program.AddAndUpdateTestNG" name="updatePlace" time="3.827"/>
</testsuite> <!-- ra_program.AddAndUpdateTestNG -->
