<?xml version="1.0" encoding="UTF-8"?>
<!-- Generated by org.testng.reporters.JUnitXMLReporter -->
<testsuite ignored="4" hostname="DESKTOP-ANOMSMD" failures="1" tests="1" name="edge(failed)(failed)" time="61.853" errors="0" timestamp="2026-02-04T11:39:25 IST">
  <testcase classname="MyCucumberProject.Qkart_Project.QkartProject" name="testCaseBug" time="17.875">
    <failure type="java.lang.AssertionError" message="The following asserts failed:
	BUG FOUND: System allows duplicate product addition expected [true] but found [false]">
      <![CDATA[java.lang.AssertionError: The following asserts failed:
BUG FOUND: System allows duplicate product addition expected [true] but found [false]
at MyCucumberProject.Qkart_Project.QkartProject.testCaseBug(QkartProject.java:128)
at java.base/java.util.ArrayList.forEach(ArrayList.java:1596)
at java.base/java.util.concurrent.FutureTask.run(FutureTask.java:317)
at java.base/java.util.concurrent.ThreadPoolExecutor.runWorker(ThreadPoolExecutor.java:1144)
at java.base/java.util.concurrent.ThreadPoolExecutor$Worker.run(ThreadPoolExecutor.java:642)
at java.base/java.lang.Thread.run(Thread.java:1583)
... Removed 17 stack frames]]>
    </failure>
  </testcase> <!-- testCaseBug -->
  <testcase classname="MyCucumberProject.Qkart_Project.QkartProject" name="testCase3" time="0.0">
    <ignored/>
  </testcase> <!-- testCase3 -->
  <testcase classname="MyCucumberProject.Qkart_Project.QkartProject" name="testCase2" time="0.0">
    <ignored/>
  </testcase> <!-- testCase2 -->
  <testcase classname="MyCucumberProject.Qkart_Project.QkartProject" name="testCase4" time="0.0">
    <ignored/>
  </testcase> <!-- testCase4 -->
  <testcase classname="MyCucumberProject.Qkart_Project.QkartProject" name="testCase1" time="0.0">
    <ignored/>
  </testcase> <!-- testCase1 -->
</testsuite> <!-- edge(failed)(failed) -->
