<?xml version="1.0" encoding="UTF-8"?>
<!-- Generated by org.testng.reporters.JUnitXMLReporter -->
<testsuite ignored="0" hostname="DESKTOP-ANOMSMD" failures="0" tests="11" name="ChromeTest" time="333.851" errors="0" timestamp="2026-02-03T13:04:52 IST">
  <testcase classname="testcases.Class1_UIValidation" name="verifyUIElements" time="0.377"/>
  <testcase classname="testcases.Class2_PlaceholderTitleURL" name="verifyPlaceholderTitleURL" time="0.233"/>
  <testcase classname="testcases.Class3_DataDrivenFactorial" name="varifyFactorial" time="1.257"/>
  <testcase classname="testcases.Class3_DataDrivenFactorial" name="varifyFactorial" time="1.127"/>
  <testcase classname="testcases.Class3_DataDrivenFactorial" name="varifyFactorial" time="1.417"/>
  <testcase classname="testcases.Class3_DataDrivenFactorial" name="varifyFactorial" time="1.068"/>
  <testcase classname="testcases.Class3_DataDrivenFactorial" name="varifyFactorial" time="0.901"/>
  <testcase classname="testcases.Class3_DataDrivenFactorial" name="varifyFactorial" time="0.933"/>
  <testcase classname="testcases.Class3_DataDrivenFactorial" name="varifyFactorial" time="1.085"/>
  <testcase classname="testcases.Class4_AboutLink" name="checkAboutLinks" time="1.665"/>
  <testcase classname="testcases.Class5_BugScenario" name="VerifyNegativeNumberBug" time="0.441"/>
</testsuite> <!-- ChromeTest -->
