<?xml version="1.0" encoding="UTF-8"?>
<!-- Generated by org.testng.reporters.JUnitXMLReporter -->
<testsuite ignored="0" hostname="DESKTOP-ANOMSMD" failures="0" tests="11" name="EdgeTest" time="310.777" errors="0" timestamp="2026-02-03T13:04:29 IST">
  <testcase classname="testcases.Class1_UIValidation" name="verifyUIElements" time="0.828"/>
  <testcase classname="testcases.Class2_PlaceholderTitleURL" name="verifyPlaceholderTitleURL" time="0.211"/>
  <testcase classname="testcases.Class3_DataDrivenFactorial" name="varifyFactorial" time="1.705"/>
  <testcase classname="testcases.Class3_DataDrivenFactorial" name="varifyFactorial" time="1.192"/>
  <testcase classname="testcases.Class3_DataDrivenFactorial" name="varifyFactorial" time="1.156"/>
  <testcase classname="testcases.Class3_DataDrivenFactorial" name="varifyFactorial" time="1.511"/>
  <testcase classname="testcases.Class3_DataDrivenFactorial" name="varifyFactorial" time="1.022"/>
  <testcase classname="testcases.Class3_DataDrivenFactorial" name="varifyFactorial" time="0.914"/>
  <testcase classname="testcases.Class3_DataDrivenFactorial" name="varifyFactorial" time="0.918"/>
  <testcase classname="testcases.Class4_AboutLink" name="checkAboutLinks" time="3.234"/>
  <testcase classname="testcases.Class5_BugScenario" name="VerifyNegativeNumberBug" time="0.388"/>
</testsuite> <!-- EdgeTest -->
