<?xml version="1.0" encoding="UTF-8"?>
<!-- Generated by org.testng.reporters.JUnitXMLReporter -->
<testsuite ignored="0" hostname="DESKTOP-ANOMSMD" failures="0" tests="11" name="FirefoxTest" time="0.544" errors="0" timestamp="2025-11-21T18:59:28 IST">
  <testcase classname="base.TestBase" name="@BeforeMethod setUp" time="0.068">
    <failure type="java.lang.Error" message="Unresolved compilation problem: 
	The method set(EdgeDriver) is undefined for the type WebDriver
">
      <![CDATA[java.lang.Error: Unresolved compilation problem: 
The method set(EdgeDriver) is undefined for the type WebDriver

at base.TestBase.setUp(TestBase.java:22)
at java.base/java.util.ArrayList.forEach(ArrayList.java:1596)
at java.base/java.util.concurrent.FutureTask.run(FutureTask.java:317)
at java.base/java.util.concurrent.ThreadPoolExecutor.runWorker(ThreadPoolExecutor.java:1144)
at java.base/java.util.concurrent.ThreadPoolExecutor$Worker.run(ThreadPoolExecutor.java:642)
at java.base/java.lang.Thread.run(Thread.java:1583)
... Removed 19 stack frames]]>
    </failure>
  </testcase> <!-- @BeforeMethod setUp -->
  <testcase classname="base.TestBase" name="@AfterMethod closeWindow" time="0.0">
    <skipped/>
  </testcase> <!-- @AfterMethod closeWindow -->
  <testcase classname="base.TestBase" name="@BeforeMethod setUp" time="0.0">
    <failure type="java.lang.Error" message="Unresolved compilation problem: 
	The method set(EdgeDriver) is undefined for the type WebDriver
">
      <![CDATA[java.lang.Error: Unresolved compilation problem: 
The method set(EdgeDriver) is undefined for the type WebDriver

at base.TestBase.setUp(TestBase.java:22)
at java.base/java.util.ArrayList.forEach(ArrayList.java:1596)
at java.base/java.util.concurrent.FutureTask.run(FutureTask.java:317)
at java.base/java.util.concurrent.ThreadPoolExecutor.runWorker(ThreadPoolExecutor.java:1144)
at java.base/java.util.concurrent.ThreadPoolExecutor$Worker.run(ThreadPoolExecutor.java:642)
at java.base/java.lang.Thread.run(Thread.java:1583)
... Removed 19 stack frames]]>
    </failure>
  </testcase> <!-- @BeforeMethod setUp -->
  <testcase classname="base.TestBase" name="@AfterMethod closeWindow" time="0.0">
    <skipped/>
  </testcase> <!-- @AfterMethod closeWindow -->
  <testcase classname="base.TestBase" name="@BeforeMethod setUp" time="0.0">
    <failure type="java.lang.Error" message="Unresolved compilation problem: 
	The method set(EdgeDriver) is undefined for the type WebDriver
">
      <![CDATA[java.lang.Error: Unresolved compilation problem: 
The method set(EdgeDriver) is undefined for the type WebDriver

at base.TestBase.setUp(TestBase.java:22)
at java.base/java.util.ArrayList.forEach(ArrayList.java:1596)
at java.base/java.util.concurrent.FutureTask.run(FutureTask.java:317)
at java.base/java.util.concurrent.ThreadPoolExecutor.runWorker(ThreadPoolExecutor.java:1144)
at java.base/java.util.concurrent.ThreadPoolExecutor$Worker.run(ThreadPoolExecutor.java:642)
at java.base/java.lang.Thread.run(Thread.java:1583)
... Removed 19 stack frames]]>
    </failure>
  </testcase> <!-- @BeforeMethod setUp -->
  <testcase classname="base.TestBase" name="@AfterMethod closeWindow" time="0.0">
    <skipped/>
  </testcase> <!-- @AfterMethod closeWindow -->
  <testcase classname="base.TestBase" name="@BeforeMethod setUp" time="0.0">
    <skipped/>
  </testcase> <!-- @BeforeMethod setUp -->
  <testcase classname="base.TestBase" name="@AfterMethod closeWindow" time="0.0">
    <skipped/>
  </testcase> <!-- @AfterMethod closeWindow -->
  <testcase classname="base.TestBase" name="@BeforeMethod setUp" time="0.0">
    <skipped/>
  </testcase> <!-- @BeforeMethod setUp -->
  <testcase classname="base.TestBase" name="@AfterMethod closeWindow" time="0.0">
    <skipped/>
  </testcase> <!-- @AfterMethod closeWindow -->
  <testcase classname="base.TestBase" name="@BeforeMethod setUp" time="0.0">
    <skipped/>
  </testcase> <!-- @BeforeMethod setUp -->
  <testcase classname="base.TestBase" name="@AfterMethod closeWindow" time="0.0">
    <skipped/>
  </testcase> <!-- @AfterMethod closeWindow -->
  <testcase classname="base.TestBase" name="@BeforeMethod setUp" time="0.0">
    <skipped/>
  </testcase> <!-- @BeforeMethod setUp -->
  <testcase classname="base.TestBase" name="@AfterMethod closeWindow" time="0.0">
    <skipped/>
  </testcase> <!-- @AfterMethod closeWindow -->
  <testcase classname="base.TestBase" name="@BeforeMethod setUp" time="0.0">
    <skipped/>
  </testcase> <!-- @BeforeMethod setUp -->
  <testcase classname="base.TestBase" name="@AfterMethod closeWindow" time="0.0">
    <skipped/>
  </testcase> <!-- @AfterMethod closeWindow -->
  <testcase classname="base.TestBase" name="@BeforeMethod setUp" time="0.0">
    <skipped/>
  </testcase> <!-- @BeforeMethod setUp -->
  <testcase classname="base.TestBase" name="@AfterMethod closeWindow" time="0.0">
    <skipped/>
  </testcase> <!-- @AfterMethod closeWindow -->
  <testcase classname="base.TestBase" name="@BeforeMethod setUp" time="0.0">
    <failure type="java.lang.Error" message="Unresolved compilation problem: 
	The method set(EdgeDriver) is undefined for the type WebDriver
">
      <![CDATA[java.lang.Error: Unresolved compilation problem: 
The method set(EdgeDriver) is undefined for the type WebDriver

at base.TestBase.setUp(TestBase.java:22)
at java.base/java.util.ArrayList.forEach(ArrayList.java:1596)
at java.base/java.util.concurrent.FutureTask.run(FutureTask.java:317)
at java.base/java.util.concurrent.ThreadPoolExecutor.runWorker(ThreadPoolExecutor.java:1144)
at java.base/java.util.concurrent.ThreadPoolExecutor$Worker.run(ThreadPoolExecutor.java:642)
at java.base/java.lang.Thread.run(Thread.java:1583)
... Removed 19 stack frames]]>
    </failure>
  </testcase> <!-- @BeforeMethod setUp -->
  <testcase classname="base.TestBase" name="@AfterMethod closeWindow" time="0.0">
    <skipped/>
  </testcase> <!-- @AfterMethod closeWindow -->
  <testcase classname="base.TestBase" name="@BeforeMethod setUp" time="0.001">
    <failure type="java.lang.Error" message="Unresolved compilation problem: 
	The method set(EdgeDriver) is undefined for the type WebDriver
">
      <![CDATA[java.lang.Error: Unresolved compilation problem: 
The method set(EdgeDriver) is undefined for the type WebDriver

at base.TestBase.setUp(TestBase.java:22)
at java.base/java.util.ArrayList.forEach(ArrayList.java:1596)
at java.base/java.util.concurrent.FutureTask.run(FutureTask.java:317)
at java.base/java.util.concurrent.ThreadPoolExecutor.runWorker(ThreadPoolExecutor.java:1144)
at java.base/java.util.concurrent.ThreadPoolExecutor$Worker.run(ThreadPoolExecutor.java:642)
at java.base/java.lang.Thread.run(Thread.java:1583)
... Removed 19 stack frames]]>
    </failure>
  </testcase> <!-- @BeforeMethod setUp -->
  <testcase classname="base.TestBase" name="@AfterMethod closeWindow" time="0.0">
    <skipped/>
  </testcase> <!-- @AfterMethod closeWindow -->
  <testcase classname="testcases.Class1_UIValidation" name="verifyUIElements" time="0.0">
    <skipped/>
  </testcase> <!-- verifyUIElements -->
  <testcase classname="testcases.Class2_PlaceholderTitleURL" name="verifyPlaceholderTitleURL" time="0.001">
    <skipped/>
  </testcase> <!-- verifyPlaceholderTitleURL -->
  <testcase classname="testcases.Class3_DataDrivenFactorial" name="varifyFactorial" time="0.0">
    <skipped/>
  </testcase> <!-- varifyFactorial -->
  <testcase classname="testcases.Class3_DataDrivenFactorial" name="varifyFactorial" time="0.0">
    <skipped/>
  </testcase> <!-- varifyFactorial -->
  <testcase classname="testcases.Class3_DataDrivenFactorial" name="varifyFactorial" time="0.0">
    <skipped/>
  </testcase> <!-- varifyFactorial -->
  <testcase classname="testcases.Class3_DataDrivenFactorial" name="varifyFactorial" time="0.0">
    <skipped/>
  </testcase> <!-- varifyFactorial -->
  <testcase classname="testcases.Class3_DataDrivenFactorial" name="varifyFactorial" time="0.0">
    <skipped/>
  </testcase> <!-- varifyFactorial -->
  <testcase classname="testcases.Class3_DataDrivenFactorial" name="varifyFactorial" time="0.0">
    <skipped/>
  </testcase> <!-- varifyFactorial -->
  <testcase classname="testcases.Class3_DataDrivenFactorial" name="varifyFactorial" time="0.0">
    <skipped/>
  </testcase> <!-- varifyFactorial -->
  <testcase classname="testcases.Class4_AboutLink" name="checkAboutLinks" time="0.0">
    <skipped/>
  </testcase> <!-- checkAboutLinks -->
  <testcase classname="testcases.Class5_BugScenario" name="VerifyNegativeNumberBug" time="0.0">
    <skipped/>
  </testcase> <!-- VerifyNegativeNumberBug -->
</testsuite> <!-- FirefoxTest -->
